2022-06-11 01:19:29,598 [Worker-8: Loading available Gradle versions] INFO  o.e.b.c.i.u.g.PublishedGradleVersions - Gradle version information cache is out-of-date. Trying to update.
2022-06-11 02:01:37,433 [Worker-1: reload maven project] INFO  o.e.m.c.i.e.AbstractTransferListenerAdapter - Downloading https://repo.maven.apache.org/maven2/junit/junit/4.13.2/junit-4.13.2.pom
2022-06-11 02:01:37,480 [Worker-1: reload maven project] INFO  o.e.m.c.i.e.AbstractTransferListenerAdapter - Downloaded https://repo.maven.apache.org/maven2/junit/junit/4.13.2/junit-4.13.2.pom
2022-06-11 02:01:37,612 [Worker-1: reload maven project] INFO  o.e.m.c.i.e.AbstractTransferListenerAdapter - Downloading https://repo.maven.apache.org/maven2/com/squareup/retrofit2/adapter-rxjava/2.9.0/adapter-rxjava-2.9.0.pom
2022-06-11 02:01:37,639 [Worker-1: reload maven project] INFO  o.e.m.c.i.e.AbstractTransferListenerAdapter - Downloaded https://repo.maven.apache.org/maven2/com/squareup/retrofit2/adapter-rxjava/2.9.0/adapter-rxjava-2.9.0.pom
2022-06-11 02:01:37,665 [Worker-1: reload maven project] INFO  o.e.m.c.i.e.AbstractTransferListenerAdapter - Downloading https://repo.maven.apache.org/maven2/io/reactivex/rxjava/1.3.8/rxjava-1.3.8.pom
2022-06-11 02:01:37,692 [Worker-1: reload maven project] INFO  o.e.m.c.i.e.AbstractTransferListenerAdapter - Downloaded https://repo.maven.apache.org/maven2/io/reactivex/rxjava/1.3.8/rxjava-1.3.8.pom
2022-06-11 02:01:37,717 [Worker-1: reload maven project] INFO  o.e.m.c.i.e.AbstractTransferListenerAdapter - Downloading https://repo.maven.apache.org/maven2/org/openjfx/javafx-fxml/18.0.1/javafx-fxml-18.0.1.pom
2022-06-11 02:01:37,742 [Worker-1: reload maven project] INFO  o.e.m.c.i.e.AbstractTransferListenerAdapter - Downloaded https://repo.maven.apache.org/maven2/org/openjfx/javafx-fxml/18.0.1/javafx-fxml-18.0.1.pom
2022-06-11 02:01:37,766 [Worker-1: reload maven project] INFO  o.e.m.c.i.e.AbstractTransferListenerAdapter - Downloading https://repo.maven.apache.org/maven2/org/openjfx/javafx/18.0.1/javafx-18.0.1.pom
2022-06-11 02:01:37,793 [Worker-1: reload maven project] INFO  o.e.m.c.i.e.AbstractTransferListenerAdapter - Downloaded https://repo.maven.apache.org/maven2/org/openjfx/javafx/18.0.1/javafx-18.0.1.pom
2022-06-11 02:01:37,820 [Worker-1: reload maven project] INFO  o.e.m.c.i.e.AbstractTransferListenerAdapter - Downloading https://repo.maven.apache.org/maven2/org/openjfx/javafx-controls/18.0.1/javafx-controls-18.0.1.pom
2022-06-11 02:01:37,845 [Worker-1: reload maven project] INFO  o.e.m.c.i.e.AbstractTransferListenerAdapter - Downloaded https://repo.maven.apache.org/maven2/org/openjfx/javafx-controls/18.0.1/javafx-controls-18.0.1.pom
2022-06-11 02:01:37,890 [Worker-1: reload maven project] INFO  o.e.m.c.i.e.AbstractTransferListenerAdapter - Downloading https://repo.maven.apache.org/maven2/org/openjfx/javafx-graphics/18.0.1/javafx-graphics-18.0.1.pom
2022-06-11 02:01:37,937 [Worker-1: reload maven project] INFO  o.e.m.c.i.e.AbstractTransferListenerAdapter - Downloaded https://repo.maven.apache.org/maven2/org/openjfx/javafx-graphics/18.0.1/javafx-graphics-18.0.1.pom
2022-06-11 02:01:37,965 [Worker-1: reload maven project] INFO  o.e.m.c.i.e.AbstractTransferListenerAdapter - Downloading https://repo.maven.apache.org/maven2/org/openjfx/javafx-base/18.0.1/javafx-base-18.0.1.pom
2022-06-11 02:01:37,990 [Worker-1: reload maven project] INFO  o.e.m.c.i.e.AbstractTransferListenerAdapter - Downloaded https://repo.maven.apache.org/maven2/org/openjfx/javafx-base/18.0.1/javafx-base-18.0.1.pom
2022-06-11 02:01:38,027 [AetherRepositoryConnector-repo.maven.apache.org-0-0] INFO  o.e.m.c.i.e.AbstractTransferListenerAdapter - Downloading https://repo.maven.apache.org/maven2/junit/junit/4.13.2/junit-4.13.2.jar
2022-06-11 02:01:38,084 [AetherRepositoryConnector-repo.maven.apache.org-0-3] INFO  o.e.m.c.i.e.AbstractTransferListenerAdapter - Downloading https://repo.maven.apache.org/maven2/org/openjfx/javafx-fxml/18.0.1/javafx-fxml-18.0.1.jar
2022-06-11 02:01:38,084 [AetherRepositoryConnector-repo.maven.apache.org-0-2] INFO  o.e.m.c.i.e.AbstractTransferListenerAdapter - Downloading https://repo.maven.apache.org/maven2/io/reactivex/rxjava/1.3.8/rxjava-1.3.8.jar
2022-06-11 02:01:38,084 [AetherRepositoryConnector-repo.maven.apache.org-0-1] INFO  o.e.m.c.i.e.AbstractTransferListenerAdapter - Downloading https://repo.maven.apache.org/maven2/com/squareup/retrofit2/adapter-rxjava/2.9.0/adapter-rxjava-2.9.0.jar
2022-06-11 02:01:38,084 [AetherRepositoryConnector-repo.maven.apache.org-0-4] INFO  o.e.m.c.i.e.AbstractTransferListenerAdapter - Downloading https://repo.maven.apache.org/maven2/org/openjfx/javafx-fxml/18.0.1/javafx-fxml-18.0.1-win.jar
2022-06-11 02:01:38,142 [AetherRepositoryConnector-repo.maven.apache.org-0-3] INFO  o.e.m.c.i.e.AbstractTransferListenerAdapter - Downloaded https://repo.maven.apache.org/maven2/org/openjfx/javafx-fxml/18.0.1/javafx-fxml-18.0.1.jar
2022-06-11 02:01:38,146 [AetherRepositoryConnector-repo.maven.apache.org-0-1] INFO  o.e.m.c.i.e.AbstractTransferListenerAdapter - Downloaded https://repo.maven.apache.org/maven2/com/squareup/retrofit2/adapter-rxjava/2.9.0/adapter-rxjava-2.9.0.jar
2022-06-11 02:01:38,160 [AetherRepositoryConnector-repo.maven.apache.org-0-4] INFO  o.e.m.c.i.e.AbstractTransferListenerAdapter - Downloaded https://repo.maven.apache.org/maven2/org/openjfx/javafx-fxml/18.0.1/javafx-fxml-18.0.1-win.jar
2022-06-11 02:01:38,160 [AetherRepositoryConnector-repo.maven.apache.org-0-0] INFO  o.e.m.c.i.e.AbstractTransferListenerAdapter - Downloaded https://repo.maven.apache.org/maven2/junit/junit/4.13.2/junit-4.13.2.jar
2022-06-11 02:01:38,170 [AetherRepositoryConnector-repo.maven.apache.org-0-3] INFO  o.e.m.c.i.e.AbstractTransferListenerAdapter - Downloading https://repo.maven.apache.org/maven2/org/openjfx/javafx-controls/18.0.1/javafx-controls-18.0.1.jar
2022-06-11 02:01:38,184 [AetherRepositoryConnector-repo.maven.apache.org-0-1] INFO  o.e.m.c.i.e.AbstractTransferListenerAdapter - Downloading https://repo.maven.apache.org/maven2/org/openjfx/javafx-controls/18.0.1/javafx-controls-18.0.1-win.jar
2022-06-11 02:01:38,259 [AetherRepositoryConnector-repo.maven.apache.org-0-0] INFO  o.e.m.c.i.e.AbstractTransferListenerAdapter - Downloading https://repo.maven.apache.org/maven2/org/openjfx/javafx-graphics/18.0.1/javafx-graphics-18.0.1-win.jar
2022-06-11 02:01:38,260 [AetherRepositoryConnector-repo.maven.apache.org-0-2] INFO  o.e.m.c.i.e.AbstractTransferListenerAdapter - Downloaded https://repo.maven.apache.org/maven2/io/reactivex/rxjava/1.3.8/rxjava-1.3.8.jar
2022-06-11 02:01:38,264 [AetherRepositoryConnector-repo.maven.apache.org-0-4] INFO  o.e.m.c.i.e.AbstractTransferListenerAdapter - Downloading https://repo.maven.apache.org/maven2/org/openjfx/javafx-graphics/18.0.1/javafx-graphics-18.0.1.jar
2022-06-11 02:01:38,336 [AetherRepositoryConnector-repo.maven.apache.org-0-3] INFO  o.e.m.c.i.e.AbstractTransferListenerAdapter - Downloaded https://repo.maven.apache.org/maven2/org/openjfx/javafx-controls/18.0.1/javafx-controls-18.0.1.jar
2022-06-11 02:01:38,458 [AetherRepositoryConnector-repo.maven.apache.org-0-2] INFO  o.e.m.c.i.e.AbstractTransferListenerAdapter - Downloading https://repo.maven.apache.org/maven2/org/openjfx/javafx-base/18.0.1/javafx-base-18.0.1.jar
2022-06-11 02:01:38,458 [AetherRepositoryConnector-repo.maven.apache.org-0-3] INFO  o.e.m.c.i.e.AbstractTransferListenerAdapter - Downloading https://repo.maven.apache.org/maven2/org/openjfx/javafx-base/18.0.1/javafx-base-18.0.1-win.jar
2022-06-11 02:01:38,459 [AetherRepositoryConnector-repo.maven.apache.org-0-4] INFO  o.e.m.c.i.e.AbstractTransferListenerAdapter - Downloaded https://repo.maven.apache.org/maven2/org/openjfx/javafx-graphics/18.0.1/javafx-graphics-18.0.1.jar
2022-06-11 02:01:38,459 [AetherRepositoryConnector-repo.maven.apache.org-0-1] INFO  o.e.m.c.i.e.AbstractTransferListenerAdapter - Downloaded https://repo.maven.apache.org/maven2/org/openjfx/javafx-controls/18.0.1/javafx-controls-18.0.1-win.jar
2022-06-11 02:01:38,522 [AetherRepositoryConnector-repo.maven.apache.org-0-2] INFO  o.e.m.c.i.e.AbstractTransferListenerAdapter - Downloaded https://repo.maven.apache.org/maven2/org/openjfx/javafx-base/18.0.1/javafx-base-18.0.1.jar
2022-06-11 02:01:38,544 [AetherRepositoryConnector-repo.maven.apache.org-0-3] INFO  o.e.m.c.i.e.AbstractTransferListenerAdapter - Downloaded https://repo.maven.apache.org/maven2/org/openjfx/javafx-base/18.0.1/javafx-base-18.0.1-win.jar
2022-06-11 02:01:38,544 [AetherRepositoryConnector-repo.maven.apache.org-0-0] INFO  o.e.m.c.i.e.AbstractTransferListenerAdapter - Downloaded https://repo.maven.apache.org/maven2/org/openjfx/javafx-graphics/18.0.1/javafx-graphics-18.0.1-win.jar
